[INFO ] 2021-09-20 16:24:40.796 [] Bankcodedemo1Application - Starting Bankcodedemo1Application using Java 1.8.0_302 on Admin with PID 8568 (D:\java code\bankcodedemo\target\classes started by Admin in D:\java code\bankcodedemo)
[INFO ] 2021-09-20 16:24:40.796 [] Bankcodedemo1Application - No active profile set, falling back to default profiles: default
[INFO ] 2021-09-20 16:24:41.969 [] Bankcodedemo1Application - Started Bankcodedemo1Application in 1.393 seconds (JVM running for 2.068)
[INFO ] 2021-09-20 16:24:46.023 [] BankService - bank code-VNPAY
[INFO ] 2021-09-20 16:24:46.024 [] BankService - Pay Date: Tue Sep 29 11:29:23 ICT 2020
[INFO ] 2021-09-20 16:24:46.028 [] BankService - Bank Request: bankCode VNPAY, TokenKey-1601353776839FT19310RH6P1, Data-BankRequest(tokenKey=1601353776839FT19310RH6P1, apiID=restPayment, mobile=0345225630, bankCode=VNPAY, accountNo=0001100014211002, payDate=20200929112923, additionalData=11, debitAmount=11200, respCode=00, respDesc=SUCCESS, traceTransfer=FT19310RH6P1, messageType=1, checkSum=a75c035d48385dacf82bc77dab7470e6de136f17dd7ca6f45d5a1c7abe5cbde6, orderCode=FT19310RH6P1, userName=cntest001, realAmount=11100, promotionCode=11)
[INFO ] 2021-09-22 09:38:47.889 [] Bankcodedemo1Application - Starting Bankcodedemo1Application using Java 1.8.0_302 on Admin with PID 13240 (D:\java code\bankcodedemo\target\classes started by Admin in D:\java code\bankcodedemo)
[INFO ] 2021-09-22 09:38:47.891 [] Bankcodedemo1Application - No active profile set, falling back to default profiles: default
[INFO ] 2021-09-22 09:38:49.383 [] Bankcodedemo1Application - Started Bankcodedemo1Application in 1.75 seconds (JVM running for 2.681)
[INFO ] 2021-09-22 09:39:40.280 [] BankService - bank code-VNPAY
[INFO ] 2021-09-22 09:39:40.281 [] BankService - Pay Date: Tue Sep 29 11:29:23 ICT 2020
[INFO ] 2021-09-22 09:39:40.286 [] BankService - Bank Request: bankCode VNPAY, TokenKey-1601353776839FT19310RH6P1, Data-BankRequest(tokenKey=1601353776839FT19310RH6P1, apiID=restPayment, mobile=0345225630, bankCode=VNPAY, accountNo=0001100014211002, payDate=20200929112923, additionalData=11, debitAmount=11200, respCode=00, respDesc=SUCCESS, traceTransfer=FT19310RH6P1, messageType=1, checkSum=a75c035d48385dacf82bc77dab7470e6de136f17dd7ca6f45d5a1c7abe5cbde6, orderCode=FT19310RH6P1, userName=cntest001, realAmount=11100, promotionCode=11)
[INFO ] 2021-09-22 09:40:13.039 [] BankService - bank code-VNPAY
[INFO ] 2021-09-22 09:40:13.039 [] BankService - Pay Date: Tue Sep 29 11:29:23 ICT 2020
[INFO ] 2021-09-22 09:40:31.295 [] BankService - bank code-VNPAY
[INFO ] 2021-09-22 09:40:31.296 [] BankService - Pay Date: Tue Sep 29 11:29:23 ICT 2020
[INFO ] 2021-09-22 09:40:31.296 [] BankService - Bank Request: bankCode VNPAY, TokenKey-1601353776839FT19310RH6P1, Data-BankRequest(tokenKey=1601353776839FT19310RH6P1, apiID=restPayment, mobile=0345225630, bankCode=VNPAY, accountNo=0001100014211002, payDate=20200929112923, additionalData=11, debitAmount=11200, respCode=00, respDesc=SUCCESS, traceTransfer=FT19310RH6P1, messageType=1, checkSum=a75c035d48385dacf82bc77dab7470e6de136f17dd7ca6f45d5a1c7abe5cbde6, orderCode=FT19310RH6P1, userName=cntest001, realAmount=11100, promotionCode=11)
[INFO ] 2021-09-27 15:25:56.675 [] Bankcodedemo1Application - Starting Bankcodedemo1Application using Java 1.8.0_302 on HungBeo with PID 3136 (D:\java code\bankcodedemo\target\classes started by Admin in D:\java code\bankcodedemo)
[INFO ] 2021-09-27 15:25:56.675 [] Bankcodedemo1Application - No active profile set, falling back to default profiles: default
[INFO ] 2021-09-27 15:25:57.930 [] Bankcodedemo1Application - Started Bankcodedemo1Application in 1.474 seconds (JVM running for 2.266)
[INFO ] 2021-09-27 15:26:25.984 [] BankService - Bank request BankRequest(tokenKey=1601353776839FT19310RH6P1, apiID=restPayment, mobile=0345225630, bankCode=VNPAY, accountNo=0001100014211002, payDate=20200929112923, additionalData=11, debitAmount=11200, respCode=00, respDesc=SUCCESS, traceTransfer=FT19310RH6P1, messageType=1, checkSum=a75c035d48385dacf82bc77dab7470e6de136f17dd7ca6f45d5a1c7abe5cbde6, orderCode=FT19310RH6P1, userName=cntest001, realAmount=11100, promotionCode=11)
[INFO ] 2021-09-27 15:26:25.993 [3667352e-3e4d-4414-a4a1-dd11628be6c0] BankService - Bank request: bankCode VNPAY, TokenKey-1601353776839FT19310RH6P1, Data-BankRequest(tokenKey=1601353776839FT19310RH6P1, apiID=restPayment, mobile=0345225630, bankCode=VNPAY, accountNo=0001100014211002, payDate=20200929112923, additionalData=11, debitAmount=11200, respCode=00, respDesc=SUCCESS, traceTransfer=FT19310RH6P1, messageType=1, checkSum=a75c035d48385dacf82bc77dab7470e6de136f17dd7ca6f45d5a1c7abe5cbde6, orderCode=FT19310RH6P1, userName=cntest001, realAmount=11100, promotionCode=11)
[INFO ] 2021-09-27 15:26:26.001 [3667352e-3e4d-4414-a4a1-dd11628be6c0] BankService - bank code-VNPAY
[INFO ] 2021-09-27 15:26:26.002 [3667352e-3e4d-4414-a4a1-dd11628be6c0] BankService - Data check sum 0345225630VNPAY0001100014211002202009291129231120000FT19310RH6P11ghffffffffff
[INFO ] 2021-09-27 15:26:26.005 [3667352e-3e4d-4414-a4a1-dd11628be6c0] BankService - Check sum request a75c035d48385dacf82bc77dab7470e6de136f17dd7ca6f45d5a1c7abe5cbde6
[INFO ] 2021-09-27 15:26:26.005 [3667352e-3e4d-4414-a4a1-dd11628be6c0] BankService - Check sum aea70aae7c576736495fa4de4bbec5f948049c1bcad65acd4d1550a2d4a9082c
[INFO ] 2021-09-27 15:26:57.402 [] BankService - Bank request BankRequest(tokenKey=1601353776839FT19310RH6P1, apiID=restPayment, mobile=0345225630, bankCode=VNPAY, accountNo=0001100014211002, payDate=20200929112923, additionalData=11, debitAmount=11200, respCode=00, respDesc=SUCCESS, traceTransfer=FT19310RH6P1, messageType=1, checkSum=aea70aae7c576736495fa4de4bbec5f948049c1bcad65acd4d1550a2d4a9082c, orderCode=FT19310RH6P1, userName=cntest001, realAmount=11100, promotionCode=11)
[INFO ] 2021-09-27 15:26:57.402 [392e371e-1605-476f-bee8-bc5da6a4f1ee] BankService - Bank request: bankCode VNPAY, TokenKey-1601353776839FT19310RH6P1, Data-BankRequest(tokenKey=1601353776839FT19310RH6P1, apiID=restPayment, mobile=0345225630, bankCode=VNPAY, accountNo=0001100014211002, payDate=20200929112923, additionalData=11, debitAmount=11200, respCode=00, respDesc=SUCCESS, traceTransfer=FT19310RH6P1, messageType=1, checkSum=aea70aae7c576736495fa4de4bbec5f948049c1bcad65acd4d1550a2d4a9082c, orderCode=FT19310RH6P1, userName=cntest001, realAmount=11100, promotionCode=11)
[INFO ] 2021-09-27 15:26:57.402 [392e371e-1605-476f-bee8-bc5da6a4f1ee] BankService - bank code-VNPAY
[INFO ] 2021-09-27 15:26:57.403 [392e371e-1605-476f-bee8-bc5da6a4f1ee] BankService - Data check sum 0345225630VNPAY0001100014211002202009291129231120000FT19310RH6P11ghffffffffff
[INFO ] 2021-09-27 15:26:57.403 [392e371e-1605-476f-bee8-bc5da6a4f1ee] BankService - Check sum request aea70aae7c576736495fa4de4bbec5f948049c1bcad65acd4d1550a2d4a9082c
[INFO ] 2021-09-27 15:26:57.403 [392e371e-1605-476f-bee8-bc5da6a4f1ee] BankService - Check sum aea70aae7c576736495fa4de4bbec5f948049c1bcad65acd4d1550a2d4a9082c
[INFO ] 2021-09-27 15:26:57.403 [392e371e-1605-476f-bee8-bc5da6a4f1ee] BankService - Pay Date: Tue Sep 29 11:29:23 ICT 2020
[INFO ] 2021-09-28 10:29:28.998 [] Bankcodedemo1Application - Starting Bankcodedemo1Application using Java 1.8.0_302 on HungBeo with PID 7768 (D:\java code\bankcodedemo\target\classes started by Admin in D:\java code\bankcodedemo)
[INFO ] 2021-09-28 10:29:29.001 [] Bankcodedemo1Application - No active profile set, falling back to default profiles: default
[INFO ] 2021-09-28 10:29:30.271 [] Bankcodedemo1Application - Started Bankcodedemo1Application in 1.499 seconds (JVM running for 2.37)
[INFO ] 2021-09-28 10:29:36.697 [] BankService - Bank request BankRequest(tokenKey=1601353776839FT19310RH6P1, apiID=restPayment, mobile=0345225630, bankCode=VNPAY, accountNo=0001100014211002, payDate=20200929112923, additionalData=11, debitAmount=11200, respCode=00, respDesc=SUCCESS, traceTransfer=FT19310RH6P1, messageType=1, checkSum=aea70aae7c576736495fa4de4bbec5f948049c1bcad65acd4d1550a2d4a9082c, orderCode=FT19310RH6P1, userName=cntest001, realAmount=11100, promotionCode=11)
[INFO ] 2021-09-28 10:29:36.698 [1f1ae35f-11f6-48f7-91d3-f4382b725a2a] BankService - Bank request: bankCode VNPAY, TokenKey-1601353776839FT19310RH6P1, Data-BankRequest(tokenKey=1601353776839FT19310RH6P1, apiID=restPayment, mobile=0345225630, bankCode=VNPAY, accountNo=0001100014211002, payDate=20200929112923, additionalData=11, debitAmount=11200, respCode=00, respDesc=SUCCESS, traceTransfer=FT19310RH6P1, messageType=1, checkSum=aea70aae7c576736495fa4de4bbec5f948049c1bcad65acd4d1550a2d4a9082c, orderCode=FT19310RH6P1, userName=cntest001, realAmount=11100, promotionCode=11)
[INFO ] 2021-09-28 10:29:36.714 [1f1ae35f-11f6-48f7-91d3-f4382b725a2a] BankService - bank code-VNPAY
[INFO ] 2021-09-28 10:29:36.714 [1f1ae35f-11f6-48f7-91d3-f4382b725a2a] BankService - Data check sum 0345225630VNPAY0001100014211002202009291129231120000FT19310RH6P11ghffffffffff
[INFO ] 2021-09-28 10:29:36.717 [1f1ae35f-11f6-48f7-91d3-f4382b725a2a] BankService - Check sum request aea70aae7c576736495fa4de4bbec5f948049c1bcad65acd4d1550a2d4a9082c
[INFO ] 2021-09-28 10:29:36.717 [1f1ae35f-11f6-48f7-91d3-f4382b725a2a] BankService - Check sum aea70aae7c576736495fa4de4bbec5f948049c1bcad65acd4d1550a2d4a9082c
[INFO ] 2021-09-28 10:29:36.718 [1f1ae35f-11f6-48f7-91d3-f4382b725a2a] BankService - Pay Date: Tue Sep 29 11:29:23 ICT 2020
[INFO ] 2021-09-28 11:37:06.631 [] Bankcodedemo1Application - Starting Bankcodedemo1Application using Java 1.8.0_302 on HungBeo with PID 1184 (D:\java code\bankcodedemo\target\classes started by Admin in D:\java code\bankcodedemo)
[INFO ] 2021-09-28 11:37:06.631 [] Bankcodedemo1Application - No active profile set, falling back to default profiles: default
[INFO ] 2021-09-28 11:37:07.805 [] Bankcodedemo1Application - Started Bankcodedemo1Application in 1.395 seconds (JVM running for 2.089)
[INFO ] 2021-09-28 11:37:11.621 [] BankServiceImp - Bank request BankRequest(tokenKey=1601353776839FT19310RH6P1, apiID=restPayment, mobile=0345225630, bankCode=VNPAY, accountNo=0001100014211002, payDate=20200929112923, additionalData=11, debitAmount=11200, respCode=00, respDesc=SUCCESS, traceTransfer=FT19310RH6P1, messageType=1, checkSum=aea70aae7c576736495fa4de4bbec5f948049c1bcad65acd4d1550a2d4a9082c, orderCode=FT19310RH6P1, userName=cntest001, realAmount=11100, promotionCode=11)
[INFO ] 2021-09-28 11:37:11.622 [34489b59-5c4e-4d2a-8b82-a0d776d8955d] BankServiceImp - Bank request: bankCode VNPAY, TokenKey-1601353776839FT19310RH6P1, Data-BankRequest(tokenKey=1601353776839FT19310RH6P1, apiID=restPayment, mobile=0345225630, bankCode=VNPAY, accountNo=0001100014211002, payDate=20200929112923, additionalData=11, debitAmount=11200, respCode=00, respDesc=SUCCESS, traceTransfer=FT19310RH6P1, messageType=1, checkSum=aea70aae7c576736495fa4de4bbec5f948049c1bcad65acd4d1550a2d4a9082c, orderCode=FT19310RH6P1, userName=cntest001, realAmount=11100, promotionCode=11)
[INFO ] 2021-09-28 11:37:11.629 [34489b59-5c4e-4d2a-8b82-a0d776d8955d] BankServiceImp - Begin find privateKey with bank code-VNPAY
[INFO ] 2021-09-28 11:37:11.629 [34489b59-5c4e-4d2a-8b82-a0d776d8955d] BankServiceImp - Data before check sum 0345225630VNPAY0001100014211002202009291129231120000FT19310RH6P11ghffffffffff
[INFO ] 2021-09-28 11:37:11.641 [34489b59-5c4e-4d2a-8b82-a0d776d8955d] BankServiceImp - Data after check sum aea70aae7c576736495fa4de4bbec5f948049c1bcad65acd4d1550a2d4a9082c
[INFO ] 2021-09-28 11:37:11.641 [34489b59-5c4e-4d2a-8b82-a0d776d8955d] BankServiceImp - Pay Date: Tue Sep 29 11:29:23 ICT 2020
